Thu Nov 10 16:54:47 2016 cron: started with file crontab.txt
Thu Nov 10 16:54:47 2016 cron: wait 12.034 seconds for first crontab scan
Thu Nov 10 17:00:01 2016 "C:\Program Files\FreeFileSync\FreeFileSync.exe" "D:\Documenten\FreeFileSync\sync_pc.ffs_batch"
Thu Nov 10 17:40:40 2016 cron: started with file C:\Users\Vincent Lemoine\Desktop\crontab.txt
Thu Nov 10 17:40:40 2016 cron: wait 19.113 seconds for first crontab scan
Thu Nov 10 17:41:09 2016 cron: started with file C:\Users\Vincent Lemoine\Desktop\crontab.txt
Thu Nov 10 17:41:09 2016 cron: wait 50.727 seconds for first crontab scan
Thu Nov 10 17:43:31 2016 cron: started with file C:\Users\Vincent Lemoine\Desktop\crontab.txt
Thu Nov 10 17:43:31 2016 cron: wait 28.024 seconds for first crontab scan
Thu Nov 10 17:46:03 2016 cron: started with file C:\Users\Vincent Lemoine\Desktop\crontab.txt
Thu Nov 10 17:46:03 2016 cron: wait 56.384 seconds for first crontab scan
Thu Nov 10 17:47:01 2016 echo "test"
Thu Nov 10 17:48:01 2016 echo "test"
Fri Nov 11 06:11:29 2016 echo "test"
Fri Nov 11 06:12:01 2016 echo "test"
Fri Nov 11 06:13:01 2016 echo "test"
Fri Nov 11 06:14:01 2016 echo "test"
Fri Nov 11 06:15:01 2016 echo "test"
Fri Nov 11 06:16:01 2016 echo "test"
Fri Nov 11 06:17:01 2016 echo "test"
Fri Nov 11 06:18:01 2016 echo "test"
Fri Nov 11 06:19:01 2016 echo "test"
Fri Nov 11 06:20:01 2016 echo "test"
Fri Nov 11 06:21:01 2016 echo "test"
Fri Nov 11 06:22:01 2016 echo "test"
Fri Nov 11 06:23:01 2016 echo "test"
Fri Nov 11 06:24:01 2016 echo "test"
Fri Nov 11 06:25:01 2016 echo "test"
Fri Nov 11 06:26:01 2016 "d:\echo.cmd"
Fri Nov 11 06:26:42 2016 cron: started with file crontab.txt
Fri Nov 11 06:26:42 2016 cron: wait 17.419 seconds for first crontab scan
Fri Nov 11 06:27:01 2016 "d:\echo.cmd"
Fri Nov 11 06:27:01 2016 "d:\echo.cmd"
Fri Nov 11 06:28:01 2016 "d:\echo.cmd"
Fri Nov 11 06:29:44 2016 cron: started with file crontab.txt
Fri Nov 11 06:29:44 2016 cron: wait 15.027 seconds for first crontab scan
Fri Nov 11 06:51:34 2016 cron: started with file crontab.txt
Fri Nov 11 06:51:34 2016 cron: wait 25.812 seconds for first crontab scan
Fri Nov 11 07:04:13 2016 cron: started with file crontab.txt
Fri Nov 11 07:04:13 2016 cron: wait 46.532 seconds for first crontab scan
